Build started 9/29/2015 9:08:00 PM.
     1>Project "C:\Users\super\Dropbox\JUCE\tutorial_main_component\Builds\VisualStudio2015\MainComponentTutorial.vcxproj" on node 2 (Build target(s)).
     1>ClCompile:
         C:\Program Files (x86)\Microsoft Visual Studio 14.0\VC\bin\CL.exe /c /I..\..\JuceLibraryCode /I"..\..\..\JUCE-WINDOWS\modules" /ZI /nologo /W4 /WX- /MP /Od /Oy- /D WIN32 /D _WINDOWS /D DEBUG /D _DEBUG /D JUCER_VS2015_78A5022=1 /D JUCE_APP_VERSION=1.0.0 /D JUCE_APP_VERSION_HEX=0x10000 /Gm- /EHsc /MTd /GS /fp:precise /Zc:wchar_t /Zc:forScope /Zc:inline /GR /Fo"Debug\\" /Fd"Debug\\vc140.pdb" /Gd /TP /analyze- /errorReport:prompt ..\..\Source\Main.cpp ..\..\Source\MainComponent.cpp
         Main.cpp
         MainComponent.cpp
     1>c:\users\super\dropbox\juce\tutorial_main_component\source\main.cpp(27): warning C4100: 'commandLine': unreferenced formal parameter
     1>c:\users\super\dropbox\juce\tutorial_main_component\source\main.cpp(49): warning C4100: 'commandLine': unreferenced formal parameter
       Link:
         C:\Program Files (x86)\Microsoft Visual Studio 14.0\VC\bin\link.exe /ERRORREPORT:PROMPT /OUT:"C:\Users\super\Dropbox\JUCE\tutorial_main_component\Builds\VisualStudio2015\Debug\\MainComponentTutorial.exe" /NOLOGO kernel32.lib user32.lib gdi32.lib winspool.lib comdlg32.lib advapi32.lib shell32.lib ole32.lib oleaut32.lib uuid.lib odbc32.lib odbccp32.lib /NODEFAULTLIB:libcmt.lib /NODEFAULTLIB:msvcrt.lib /MANIFEST /MANIFESTUAC:"level='asInvoker' uiAccess='false'" /manifest:embed /Debug /PDB:"Debug\\MainComponentTutorial.pdb" /SUBSYSTEM:WINDOWS /LARGEADDRESSAWARE /TLBID:1 /DYNAMICBASE /NXCOMPAT /IMPLIB:"C:\Users\super\Dropbox\JUCE\tutorial_main_component\Builds\VisualStudio2015\Debug\MainComponentTutorial.lib" /MACHINE:X86 /SAFESEH:NO Debug\resources.res
         Debug\\MainComponent.obj
         Debug\\Main.obj
         Debug\\juce_audio_basics.obj
         Debug\\juce_audio_devices.obj
         Debug\\juce_audio_formats.obj
         Debug\\juce_audio_processors.obj
         Debug\\juce_core.obj
         Debug\\juce_cryptography.obj
         Debug\\juce_data_structures.obj
         Debug\\juce_events.obj
         Debug\\juce_graphics.obj
         Debug\\juce_gui_basics.obj
         Debug\\juce_gui_extra.obj
         Debug\\juce_opengl.obj
         Debug\\juce_video.obj
         MainComponentTutorial.vcxproj -> C:\Users\super\Dropbox\JUCE\tutorial_main_component\Builds\VisualStudio2015\Debug\MainComponentTutorial.exe
     1>Done Building Project "C:\Users\super\Dropbox\JUCE\tutorial_main_component\Builds\VisualStudio2015\MainComponentTutorial.vcxproj" (Build target(s)).

Build succeeded.

Time Elapsed 00:00:07.76
